TIME     : 2022-11-11 22:27:57
FILE     : VMCfgMgr.cpp
FUNCTION : CVMCfgMgr::getMachineEntry_Base
LINENUM  : 818
DETAIL   : Base files is missing!

TIME     : 2022-11-11 22:27:57
FILE     : VMCfgMgr.cpp
FUNCTION : CVMCfgMgr::getMachineEntry_Base
LINENUM  : 824
DETAIL   : Base snapshot is missing!

TIME     : 2022-11-11 22:27:57
FILE     : VMCfgMgr.cpp
FUNCTION : CVMCfgMgr::getMachineEntry_Base
LINENUM  : 818
DETAIL   : Base files is missing!

TIME     : 2022-11-11 22:27:57
FILE     : VMCfgMgr.cpp
FUNCTION : CVMCfgMgr::getMachineEntry_Base
LINENUM  : 824
DETAIL   : Base snapshot is missing!

TIME     : 2022-11-11 22:28:08
FILE     : VBoxInternal.cpp
FUNCTION : VBI_CheckSystemDisk
LINENUM  : 1574
DETAIL   : errinfo=  

TIME     : 2022-11-11 22:28:08
FILE     : VBoxApi.cpp
FUNCTION : VB_RepBaseVM
LINENUM  : 391
DETAIL   : isBaseDisk1Exist : 1

TIME     : 2022-11-11 22:28:09
FILE     : VBoxApi.cpp
FUNCTION : VB_Init
LINENUM  : 608
DETAIL   : VBI_GetISession hr = 0

TIME     : 2022-11-11 22:28:09
FILE     : WorkThread.cpp
FUNCTION : CWorkThread::start
LINENUM  : 68
DETAIL   : WorkThread ID : 2100


TIME     : 2022-11-11 22:28:09
FILE     : WorkThread.cpp
FUNCTION : CWorkThread::start
LINENUM  : 68
DETAIL   : WorkThread ID : 3748


TIME     : 2022-11-11 22:28:09
FILE     : WorkThread.cpp
FUNCTION : CWorkThread::start
LINENUM  : 68
DETAIL   : WorkThread ID : 6856


TIME     : 2022-11-11 22:28:09
FILE     : WorkThread.cpp
FUNCTION : CWorkThread::start
LINENUM  : 68
DETAIL   : WorkThread ID : 6312


TIME     : 2022-11-11 22:28:09
FILE     : VBoxApi.cpp
FUNCTION : VB_FindMachine
LINENUM  : 1784
DETAIL   : Machine "nox" has been found.

TIME     : 2022-11-11 22:28:09
FILE     : VBoxApi.cpp
FUNCTION : VB_FindMachineEx
LINENUM  : 1156
DETAIL   : d2 p D:\Program Files\Nox\bin\BignoxVMS\nox\nox-disk2.vmdk

TIME     : 2022-11-11 22:28:10
FILE     : VBoxInternal.cpp
FUNCTION : VBI_CheckDiskRegist
LINENUM  : 1753
DETAIL   : errinfo=  

TIME     : 2022-11-11 22:28:10
FILE     : VBoxApi.cpp
FUNCTION : VB_FindMachineEx
LINENUM  : 1166
DETAIL   : VBI_CheckDisk2Regist RESULT 0

TIME     : 2022-11-11 22:28:10
FILE     : VBoxInternal.cpp
FUNCTION : VBI_CheckDiskRegist
LINENUM  : 1753
DETAIL   : errinfo=  

TIME     : 2022-11-11 22:28:10
FILE     : VBoxApi.cpp
FUNCTION : VB_FindMachineEx
LINENUM  : 1272
DETAIL   : VBI_CheckDisk1Regist RESULT 0

TIME     : 2022-11-11 22:28:10
FILE     : VBoxApi.cpp
FUNCTION : VB_FindMachineEx
LINENUM  : 1296
DETAIL   : Machine "nox" has been found.

TIME     : 2022-11-11 22:28:10
FILE     : VBoxApi.cpp
FUNCTION : VB_GetMachineState
LINENUM  : 1954
DETAIL   : Machine Status  = 1

TIME     : 2022-11-11 22:28:21
FILE     : VBoxApi.cpp
FUNCTION : VB_GetMachineState
LINENUM  : 1954
DETAIL   : Machine Status  = 1

TIME     : 2022-11-11 22:28:22
FILE     : VBoxApi.cpp
FUNCTION : VB_StartMachine
LINENUM  : 1996
DETAIL   : pV5Params=romx;0;romy;0;romwidth;1280;romheight;720;renderport;55001;callbackport;54001;rendertype;opengl;hwnd;1901170;renderpath;libopenglrenderplus.dll;passthrough;NOXa.dll

TIME     : 2022-11-11 22:28:22
FILE     : VBoxApi.cpp
FUNCTION : VB_StartMachine
LINENUM  : 2014
DETAIL   : NoxVMHandle pID=1920

TIME     : 2022-11-11 22:28:41
FILE     : VBoxApi.cpp
FUNCTION : VB_GetMachineState
LINENUM  : 1954
DETAIL   : Machine Status  = 5

TIME     : 2022-11-11 22:28:41
FILE     : VBoxApi.cpp
FUNCTION : VB_GetMachineState
LINENUM  : 1954
DETAIL   : Machine Status  = 5

TIME     : 2022-11-11 22:28:42
FILE     : VBoxApi.cpp
FUNCTION : VB_RemoveSharedFolder
LINENUM  : 3905
DETAIL   : ErrorCode is "110". Detail : VB_ERR_REMOVE_SHAREDFOLDER_FAIL

TIME     : 2022-11-11 22:28:42
FILE     : VBoxApi.cpp
FUNCTION : VB_AddSharedFolder
LINENUM  : 3819
DETAIL   : ErrorCode is "110". Detail : VB_ERR_REMOVE_SHAREDFOLDER_FAIL

TIME     : 2022-11-11 22:28:42
FILE     : VBoxApi.cpp
FUNCTION : VB_RemoveSharedFolder
LINENUM  : 3905
DETAIL   : ErrorCode is "110". Detail : VB_ERR_REMOVE_SHAREDFOLDER_FAIL

TIME     : 2022-11-11 22:28:42
FILE     : VBoxApi.cpp
FUNCTION : VB_AddSharedFolder
LINENUM  : 3819
DETAIL   : ErrorCode is "110". Detail : VB_ERR_REMOVE_SHAREDFOLDER_FAIL

TIME     : 2022-11-11 22:28:42
FILE     : VBoxApi.cpp
FUNCTION : VB_RemoveSharedFolder
LINENUM  : 3905
DETAIL   : ErrorCode is "110". Detail : VB_ERR_REMOVE_SHAREDFOLDER_FAIL

TIME     : 2022-11-11 22:28:43
FILE     : VBoxApi.cpp
FUNCTION : VB_AddSharedFolder
LINENUM  : 3819
DETAIL   : ErrorCode is "110". Detail : VB_ERR_REMOVE_SHAREDFOLDER_FAIL

TIME     : 2022-11-11 22:30:47
FILE     : VBoxApi.cpp
FUNCTION : VB_CheckVM_BridgeInterFace
LINENUM  : 7691
DETAIL   : c bridge done

TIME     : 2022-11-11 22:31:48
FILE     : VBoxApi.cpp
FUNCTION : VB_GetMachineState
LINENUM  : 1954
DETAIL   : Machine Status  = 5

TIME     : 2022-11-11 22:31:49
FILE     : VBoxApi.cpp
FUNCTION : VB_GetMachineState
LINENUM  : 1954
DETAIL   : Machine Status  = 5

TIME     : 2022-11-11 22:31:49
FILE     : VBoxApi.cpp
FUNCTION : VB_GetMachineState
LINENUM  : 1954
DETAIL   : Machine Status  = 1

